This file contains any messages produced by compilers while
running configure, to aid debugging if configure makes a mistake.

It was created by FaCiLe configure 2.0, which was
generated by GNU Autoconf 2.69.  Invocation command line was

  $ ./configure 

## --------- ##
## Platform. ##
## --------- ##

hostname = D1-202-06
uname -m = x86_64
uname -r = 4.4.0-128-generic
uname -s = Linux
uname -v = #154-Ubuntu SMP Fri May 25 14:15:18 UTC 2018

/usr/bin/uname -p = unknown
/bin/uname -X     = unknown

/bin/arch              = unknown
/usr/bin/arch -k       = unknown
/usr/convex/getsysinfo = unknown
/usr/bin/hostinfo      = unknown
/bin/machine           = unknown
/usr/bin/oslevel       = unknown
/bin/universe          = unknown

PATH: /usr/local/sbin
PATH: /usr/local/bin
PATH: /usr/sbin
PATH: /usr/bin
PATH: /sbin
PATH: /bin
PATH: /usr/games
PATH: /usr/local/games
PATH: /snap/bin
PATH: /usr/lib/jvm/java-8-oracle/bin
PATH: /usr/lib/jvm/java-8-oracle/db/bin
PATH: /usr/lib/jvm/java-8-oracle/jre/bin


## ----------- ##
## Core tests. ##
## ----------- ##

configure:1913: checking for gcc
configure:1929: found /usr/bin/gcc
configure:1940: result: gcc
configure:2169: checking for C compiler version
configure:2178: gcc --version >&5
gcc (Ubuntu 5.4.0-6ubuntu1~16.04.9) 5.4.0 20160609
Copyright (C) 2015 Free Software Foundation, Inc.
This is free software; see the source for copying conditions.  There is NO
warranty; not even for MERCHANTABILITY or FITNESS FOR A PARTICULAR PURPOSE.

configure:2189: $? = 0
configure:2178: gcc -v >&5
Using built-in specs.
COLLECT_GCC=gcc
COLLECT_LTO_WRAPPER=/usr/lib/gcc/x86_64-linux-gnu/5/lto-wrapper
Target: x86_64-linux-gnu
Configured with: ../src/configure -v --with-pkgversion='Ubuntu 5.4.0-6ubuntu1~16.04.9' --with-bugurl=file:///usr/share/doc/gcc-5/README.Bugs --enable-languages=c,ada,c++,java,go,d,fortran,objc,obj-c++ --prefix=/usr --program-suffix=-5 --enable-shared --enable-linker-build-id --libexecdir=/usr/lib --without-included-gettext --enable-threads=posix --libdir=/usr/lib --enable-nls --with-sysroot=/ --enable-clocale=gnu --enable-libstdcxx-debug --enable-libstdcxx-time=yes --with-default-libstdcxx-abi=new --enable-gnu-unique-object --disable-vtable-verify --enable-libmpx --enable-plugin --with-system-zlib --disable-browser-plugin --enable-java-awt=gtk --enable-gtk-cairo --with-java-home=/usr/lib/jvm/java-1.5.0-gcj-5-amd64/jre --enable-java-home --with-jvm-root-dir=/usr/lib/jvm/java-1.5.0-gcj-5-amd64 --with-jvm-jar-dir=/usr/lib/jvm-exports/java-1.5.0-gcj-5-amd64 --with-arch-directory=amd64 --with-ecj-jar=/usr/share/java/eclipse-ecj.jar --enable-objc-gc --enable-multiarch --disable-werror --with-arch-32=i686 --with-abi=m64 --with-multilib-list=m32,m64,mx32 --enable-multilib --with-tune=generic --enable-checking=release --build=x86_64-linux-gnu --host=x86_64-linux-gnu --target=x86_64-linux-gnu
Thread model: posix
gcc version 5.4.0 20160609 (Ubuntu 5.4.0-6ubuntu1~16.04.9) 
configure:2189: $? = 0
configure:2178: gcc -V >&5
gcc: error: unrecognized command line option '-V'
gcc: fatal error: no input files
compilation terminated.
configure:2189: $? = 1
configure:2178: gcc -qversion >&5
gcc: error: unrecognized command line option '-qversion'
gcc: fatal error: no input files
compilation terminated.
configure:2189: $? = 1
configure:2209: checking whether the C compiler works
configure:2231: gcc    conftest.c  >&5
configure:2235: $? = 0
configure:2283: result: yes
configure:2286: checking for C compiler default output file name
configure:2288: result: a.out
configure:2294: checking for suffix of executables
configure:2301: gcc -o conftest    conftest.c  >&5
configure:2305: $? = 0
configure:2327: result: 
configure:2349: checking whether we are cross compiling
configure:2357: gcc -o conftest    conftest.c  >&5
configure:2361: $? = 0
configure:2368: ./conftest
configure:2372: $? = 0
configure:2387: result: no
configure:2392: checking for suffix of object files
configure:2414: gcc -c   conftest.c >&5
configure:2418: $? = 0
configure:2439: result: o
configure:2443: checking whether we are using the GNU C compiler
configure:2462: gcc -c   conftest.c >&5
configure:2462: $? = 0
configure:2471: result: yes
configure:2480: checking whether gcc accepts -g
configure:2500: gcc -c -g  conftest.c >&5
configure:2500: $? = 0
configure:2541: result: yes
configure:2558: checking for gcc option to accept ISO C89
configure:2621: gcc  -c -g -O2  conftest.c >&5
configure:2621: $? = 0
configure:2634: result: none needed
configure:2698: checking for a BSD-compatible install
configure:2766: result: /usr/bin/install -c
configure:2777: checking whether make sets $(MAKE)
configure:2799: result: yes
configure:2813: checking for ocamlc
configure:2829: found /usr/bin/ocamlc
configure:2841: result: yes
configure:2856: checking OCaml compiler version >= 3.02
configure:2859: result: installed version is 4.02.3
configure:2866: result: OCaml library path is /usr/lib/ocaml
configure:2871: checking for ocamlopt
configure:2887: found /usr/bin/ocamlopt
configure:2899: result: ocamlopt
configure:2912: checking ocamlopt version
configure:2920: result: ok
configure:2928: checking for ocamlc.opt
configure:2944: found /usr/bin/ocamlc.opt
configure:2956: result: ocamlc.opt
configure:2965: checking ocamlc.opt version
configure:2972: result: ok
configure:2981: checking for ocamlopt.opt
configure:2997: found /usr/bin/ocamlopt.opt
configure:3009: result: ocamlopt.opt
configure:3018: checking ocamlc.opt version
configure:3025: result: ok
configure:3034: checking for ocamldep
configure:3050: found /usr/bin/ocamldep
configure:3062: result: ocamldep
configure:3076: checking for ocamllex
configure:3092: found /usr/bin/ocamllex
configure:3104: result: ocamllex
configure:3117: checking for ocamllex.opt
configure:3133: found /usr/bin/ocamllex.opt
configure:3145: result: ocamllex.opt
configure:3160: checking for ocamlyacc
configure:3176: found /usr/bin/ocamlyacc
configure:3188: result: ocamlyacc
configure:3203: checking for ocamlmktop
configure:3219: found /usr/bin/ocamlmktop
configure:3231: result: yes
configure:3243: checking platform
configure:3251: result: Unix
configure:3299: checking for /usr/share/filib++/lib/libfi.a
configure:3313: result: no
configure:3322: WARNING: filib++ not in the standard path, and none was specified
configure:3324: WARNING: trying to find filib++ directory with the locate program
configure:3328: checking for locate
configure:3344: found /usr/bin/locate
configure:3356: result: yes
configure:3371: WARNING: unable to find filib++, try ./configure --with-fi=dir
configure:3385: result: filib++ disabled
configure:3776: floating point variables disabled
configure:3963: creating ./config.status

## ---------------------- ##
## Running config.status. ##
## ---------------------- ##

This file was extended by FaCiLe config.status 2.0, which was
generated by GNU Autoconf 2.69.  Invocation command line was

  CONFIG_FILES    = 
  CONFIG_HEADERS  = 
  CONFIG_LINKS    = 
  CONFIG_COMMANDS = 
  $ ./config.status 

on D1-202-06

config.status:746: creating Makefile

## ---------------- ##
## Cache variables. ##
## ---------------- ##

ac_cv_c_compiler_gnu=yes
ac_cv_env_CCC_set=
ac_cv_env_CCC_value=
ac_cv_env_CC_set=
ac_cv_env_CC_value=
ac_cv_env_CFLAGS_set=
ac_cv_env_CFLAGS_value=
ac_cv_env_CPPFLAGS_set=
ac_cv_env_CPPFLAGS_value=
ac_cv_env_CXXFLAGS_set=
ac_cv_env_CXXFLAGS_value=
ac_cv_env_CXX_set=
ac_cv_env_CXX_value=
ac_cv_env_LDFLAGS_set=
ac_cv_env_LDFLAGS_value=
ac_cv_env_LIBS_set=
ac_cv_env_LIBS_value=
ac_cv_env_build_alias_set=
ac_cv_env_build_alias_value=
ac_cv_env_host_alias_set=
ac_cv_env_host_alias_value=
ac_cv_env_target_alias_set=
ac_cv_env_target_alias_value=
ac_cv_file__usr_share_filibpp_lib_libfi_a=no
ac_cv_objext=o
ac_cv_path_install='/usr/bin/install -c'
ac_cv_prog_LOCATE=yes
ac_cv_prog_OCAMLCDOTOPT=ocamlc.opt
ac_cv_prog_OCAMLC_PRESENT=yes
ac_cv_prog_OCAMLDEP=ocamldep
ac_cv_prog_OCAMLLEX=ocamllex
ac_cv_prog_OCAMLLEXDOTOPT=ocamllex.opt
ac_cv_prog_OCAMLMKTOP_PRESENT=yes
ac_cv_prog_OCAMLOPT=ocamlopt
ac_cv_prog_OCAMLOPTDOTOPT=ocamlopt.opt
ac_cv_prog_OCAMLYACC=ocamlyacc
ac_cv_prog_ac_ct_CC=gcc
ac_cv_prog_cc_c89=
ac_cv_prog_cc_g=yes
ac_cv_prog_make_make_set=yes

## ----------------- ##
## Output variables. ##
## ----------------- ##

CC='gcc'
CFLAGS='-g -O2'
CPPFLAGS=''
CXX=''
CXXFLAGS=''
CXX_PRESENT=''
DEFS='-DPACKAGE_NAME=\"FaCiLe\" -DPACKAGE_TARNAME=\"facile\" -DPACKAGE_VERSION=\"2.0\" -DPACKAGE_STRING=\"FaCiLe\ 2.0\" -DPACKAGE_BUGREPORT=\"facile@recherche.enac.fr\" -DPACKAGE_URL=\"\"'
ECHO_C=''
ECHO_N='-n'
ECHO_T=''
EXEEXT=''
FILIB_DIR='/usr/share/filib++'
INSTALL_DATA='${INSTALL} -m 644'
INSTALL_PROGRAM='${INSTALL}'
INSTALL_SCRIPT='${INSTALL}'
LDFLAGS=''
LIBOBJS=''
LIBS=''
LOCATE='yes'
LTLIBOBJS=''
OBJEXT='o'
OCAMLC='ocamlc.opt'
OCAMLCDOTOPT='ocamlc.opt'
OCAMLC_PRESENT='yes'
OCAMLDEP='ocamldep'
OCAMLLEX='ocamllex.opt'
OCAMLLEXDOTOPT='ocamllex.opt'
OCAMLLIB='/usr/lib/ocaml'
OCAMLMKLIB=''
OCAMLMKLIB_PRESENT=''
OCAMLMKTOP='ocamlmktop'
OCAMLMKTOP_PRESENT='yes'
OCAMLOPT='ocamlopt.opt'
OCAMLOPTDOTOPT='ocamlopt.opt'
OCAMLYACC='ocamlyacc'
PACKAGE_BUGREPORT='facile@recherche.enac.fr'
PACKAGE_NAME='FaCiLe'
PACKAGE_STRING='FaCiLe 2.0'
PACKAGE_TARNAME='facile'
PACKAGE_URL=''
PACKAGE_VERSION='2.0'
PATH_SEPARATOR=':'
SET_MAKE=''
SHELL='/bin/bash'
TARGET='all_facile'
ac_ct_CC='gcc'
ac_ct_CXX=''
bindir='${exec_prefix}/bin'
build_alias=''
datadir='${datarootdir}'
datarootdir='${prefix}/share'
docdir='${datarootdir}/doc/${PACKAGE_TARNAME}'
dvidir='${docdir}'
exec_prefix='${prefix}'
host_alias=''
htmldir='${docdir}'
includedir='${prefix}/include'
infodir='${datarootdir}/info'
libdir='${exec_prefix}/lib'
libexecdir='${exec_prefix}/libexec'
localedir='${datarootdir}/locale'
localstatedir='${prefix}/var'
mandir='${datarootdir}/man'
oldincludedir='/usr/include'
pdfdir='${docdir}'
prefix='/usr/local'
program_transform_name='s,x,x,'
psdir='${docdir}'
runstatedir='${localstatedir}/run'
sbindir='${exec_prefix}/sbin'
sharedstatedir='${prefix}/com'
sysconfdir='${prefix}/etc'
target_alias=''

## ----------- ##
## confdefs.h. ##
## ----------- ##

/* confdefs.h */
#define PACKAGE_NAME "FaCiLe"
#define PACKAGE_TARNAME "facile"
#define PACKAGE_VERSION "2.0"
#define PACKAGE_STRING "FaCiLe 2.0"
#define PACKAGE_BUGREPORT "facile@recherche.enac.fr"
#define PACKAGE_URL ""

configure: exit 0
